[2018-11-25 18:19:53 +0100] [78290] [INFO] Starting gunicorn 19.9.0
[2018-11-25 18:19:53 +0100] [78290] [INFO] Listening at: http://127.0.0.1:8000 (78290)
[2018-11-25 18:19:53 +0100] [78290] [INFO] Using worker: sync
[2018-11-25 18:19:53 +0100] [78293] [INFO] Booting worker with pid: 78293
[2018-11-25 18:20:22 +0100] [78293] [ERROR] Error handling request /artist/Louis%20Armstrong
Traceback (most recent call last):
  File "/Users/alain/projects/mydiskotek/mdkenv/lib/python3.6/site-packages/gunicorn/workers/sync.py", line 135, in handle
    self.handle_request(listener, req, client, addr)
  File "/Users/alain/projects/mydiskotek/mdkenv/lib/python3.6/site-packages/gunicorn/workers/sync.py", line 176, in handle_request
    respiter = self.wsgi(environ, resp.start_response)
  File "/Users/alain/projects/mydiskotek/mdkenv/lib/python3.6/site-packages/flask/app.py", line 2309, in __call__
    return self.wsgi_app(environ, start_response)
  File "/Users/alain/projects/mydiskotek/mdkenv/lib/python3.6/site-packages/flask/app.py", line 2295, in wsgi_app
    response = self.handle_exception(e)
  File "/Users/alain/projects/mydiskotek/mdkenv/lib/python3.6/site-packages/flask/app.py", line 1741, in handle_exception
    reraise(exc_type, exc_value, tb)
  File "/Users/alain/projects/mydiskotek/mdkenv/lib/python3.6/site-packages/flask/_compat.py", line 35, in reraise
    raise value
  File "/Users/alain/projects/mydiskotek/mdkenv/lib/python3.6/site-packages/flask/app.py", line 2292, in wsgi_app
    response = self.full_dispatch_request()
  File "/Users/alain/projects/mydiskotek/mdkenv/lib/python3.6/site-packages/flask/app.py", line 1815, in full_dispatch_request
    rv = self.handle_user_exception(e)
  File "/Users/alain/projects/mydiskotek/mdkenv/lib/python3.6/site-packages/flask/app.py", line 1718, in handle_user_exception
    reraise(exc_type, exc_value, tb)
  File "/Users/alain/projects/mydiskotek/mdkenv/lib/python3.6/site-packages/flask/_compat.py", line 35, in reraise
    raise value
  File "/Users/alain/projects/mydiskotek/mdkenv/lib/python3.6/site-packages/flask/app.py", line 1813, in full_dispatch_request
    rv = self.dispatch_request()
  File "/Users/alain/projects/mydiskotek/mdkenv/lib/python3.6/site-packages/flask/app.py", line 1799, in dispatch_request
    return self.view_functions[rule.endpoint](**req.view_args)
  File "/Users/alain/projects/mydiskotek/myapp/routes.py", line 157, in list_albums
    return render_template('artists_2.html', **template_context)
  File "/Users/alain/projects/mydiskotek/mdkenv/lib/python3.6/site-packages/flask/templating.py", line 135, in render_template
    context, ctx.app)
  File "/Users/alain/projects/mydiskotek/mdkenv/lib/python3.6/site-packages/flask/templating.py", line 117, in _render
    rv = template.render(context)
  File "/Users/alain/projects/mydiskotek/mdkenv/lib/python3.6/site-packages/jinja2/asyncsupport.py", line 76, in render
    return original_render(self, *args, **kwargs)
  File "/Users/alain/projects/mydiskotek/mdkenv/lib/python3.6/site-packages/jinja2/environment.py", line 1008, in render
    return self.environment.handle_exception(exc_info, True)
  File "/Users/alain/projects/mydiskotek/mdkenv/lib/python3.6/site-packages/jinja2/environment.py", line 780, in handle_exception
    reraise(exc_type, exc_value, tb)
  File "/Users/alain/projects/mydiskotek/mdkenv/lib/python3.6/site-packages/jinja2/_compat.py", line 37, in reraise
    raise value.with_traceback(tb)
  File "/Users/alain/projects/mydiskotek/myapp/templates/artists_2.html", line 2, in top-level template code
    {% import 'macros.html' as macros %}
  File "/Users/alain/projects/mydiskotek/myapp/templates/base.html", line 79, in top-level template code
    {% block content %}
  File "/Users/alain/projects/mydiskotek/myapp/templates/artists_2.html", line 14, in block "content"
    <input type="text" class="form-control" id="name" placeholder="{{artistInfos[0].get('name')}}">
  File "/Users/alain/projects/mydiskotek/mdkenv/lib/python3.6/site-packages/jinja2/environment.py", line 430, in getattr
    return getattr(obj, attribute)
jinja2.exceptions.UndefinedError: list object has no element 0
[2018-11-25 18:40:23 +0100] [78290] [CRITICAL] WORKER TIMEOUT (pid:78293)
[2018-11-25 18:40:23 +0100] [78293] [INFO] Worker exiting (pid: 78293)
[2018-11-25 18:40:23 +0100] [78545] [INFO] Booting worker with pid: 78545
[2018-12-16 08:39:32 +0100] [47369] [INFO] Starting gunicorn 19.9.0
[2018-12-16 08:39:33 +0100] [47369] [INFO] Listening at: http://127.0.0.1:8000 (47369)
[2018-12-16 08:39:33 +0100] [47369] [INFO] Using worker: sync
[2018-12-16 08:39:33 +0100] [47372] [INFO] Booting worker with pid: 47372
[2018-12-16 09:15:18 +0100] [47369] [INFO] Handling signal: hup
[2018-12-16 09:15:18 +0100] [47369] [INFO] Hang up: Master
[2018-12-16 09:15:18 +0100] [47546] [INFO] Booting worker with pid: 47546
[2018-12-18 07:42:51 +0100] [47369] [INFO] Handling signal: term
[2018-12-18 07:42:51 +0100] [47546] [INFO] Worker exiting (pid: 47546)
[2018-12-18 07:42:52 +0100] [47369] [INFO] Shutting down: Master
[2018-12-22 08:56:25 +0100] [23336] [INFO] Starting gunicorn 19.9.0
[2018-12-22 08:56:25 +0100] [23336] [INFO] Listening at: http://127.0.0.1:8000 (23336)
[2018-12-22 08:56:25 +0100] [23336] [INFO] Using worker: sync
[2018-12-22 08:56:25 +0100] [23339] [INFO] Booting worker with pid: 23339
[2018-12-22 09:06:43 +0100] [23336] [INFO] Handling signal: hup
[2018-12-22 09:06:43 +0100] [23336] [INFO] Hang up: Master
[2018-12-22 09:06:43 +0100] [23421] [INFO] Booting worker with pid: 23421
[2018-12-23 08:42:44 +0100] [23336] [INFO] Handling signal: term
[2018-12-23 08:42:44 +0100] [23421] [INFO] Worker exiting (pid: 23421)
[2018-12-23 08:42:44 +0100] [23336] [INFO] Shutting down: Master
[2018-12-23 08:43:19 +0100] [26948] [INFO] Starting gunicorn 19.9.0
[2018-12-23 08:43:19 +0100] [26948] [INFO] Listening at: http://127.0.0.1:8000 (26948)
[2018-12-23 08:43:19 +0100] [26948] [INFO] Using worker: sync
[2018-12-23 08:43:19 +0100] [26951] [INFO] Booting worker with pid: 26951
[2018-12-23 08:44:59 +0100] [26948] [INFO] Handling signal: term
[2018-12-23 08:44:59 +0100] [26951] [INFO] Worker exiting (pid: 26951)
[2018-12-23 08:44:59 +0100] [26948] [INFO] Shutting down: Master
[2018-12-23 08:45:07 +0100] [27003] [INFO] Starting gunicorn 19.9.0
[2018-12-23 08:45:07 +0100] [27003] [INFO] Listening at: http://127.0.0.1:8000 (27003)
[2018-12-23 08:45:07 +0100] [27003] [INFO] Using worker: sync
[2018-12-23 08:45:07 +0100] [27006] [INFO] Booting worker with pid: 27006
[2018-12-23 09:45:16 +0100] [27003] [INFO] Handling signal: hup
[2018-12-23 09:45:16 +0100] [27003] [INFO] Hang up: Master
[2018-12-23 09:45:16 +0100] [27449] [INFO] Booting worker with pid: 27449
[2018-12-23 14:37:32 +0100] [27449] [INFO] Worker exiting (pid: 27449)
[2018-12-23 14:37:32 +0100] [27003] [INFO] Handling signal: term
[2018-12-23 14:37:32 +0100] [27003] [INFO] Shutting down: Master
